<?xml version="1.0" encoding="UTF-8"?>
<!-- Generated by org.testng.reporters.JUnitReportReporter -->
<testsuite hostname="DESKTOP-DGC7O92" failures="0" tests="1" name="Magento.MyTestCases" time="24.402" errors="0" timestamp="2023-11-09T16:12:51 EET" skipped="0">
  <testcase classname="Magento.MyTestCases" name="AddOneRandomItem" time="24.402"/>
  <system-out/>
</testsuite> <!-- Magento.MyTestCases -->
